La génération a démarré 15/05/2016 10:12:10.
     1>Projet "D:\DEV\C++\WORKSPACES\visual\AlgorithmPP\AlgorithmPP\AlgorithmPP.vcxproj" sur le nœud 2 (Build cible(s)).
     1>ClCompile:
         D:\DEV\MICROSOFT\IDE\Microsoft Visual Studio 12.0\VC\bin\CL.exe /c /ZI /nologo /W3 /WX- /sdl /Od /Oy- /D WIN32 /D _DEBUG /D _CONSOLE /D _LIB /D _UNICODE /D UNICODE /Gm /EHsc /RTC1 /MDd /GS /fp:precise /Zc:wchar_t /Zc:forScope /Yc"stdafx.h" /Fp"Debug\AlgorithmPP.pch" /Fo"Debug\\" /Fd"Debug\vc120.pdb" /Gd /TP /analyze- /errorReport:prompt stdafx.cpp
         stdafx.cpp
     1>d:\dev\c++\workspaces\visual\algorithmpp\algorithmpp\matrix.h(1): warning C4067: jetons inattendus après la directive du préprocesseur - saut de ligne attendu
         D:\DEV\MICROSOFT\IDE\Microsoft Visual Studio 12.0\VC\bin\CL.exe /c /ZI /nologo /W3 /WX- /sdl /Od /Oy- /D WIN32 /D _DEBUG /D _CONSOLE /D _LIB /D _UNICODE /D UNICODE /Gm /EHsc /RTC1 /MDd /GS /fp:precise /Zc:wchar_t /Zc:forScope /Yu"stdafx.h" /Fp"Debug\AlgorithmPP.pch" /Fo"Debug\\" /Fd"Debug\vc120.pdb" /Gd /TP /analyze- /errorReport:prompt AlgorithmPP.cpp BigInt.cpp Matrix.cpp Merge.cpp
         BigInt.cpp
         AlgorithmPP.cpp
         Génération de code en cours...
         Ignoré... (aucune modification pertinente détectée)
         Merge.cpp
         Matrix.cpp
       Link:
         D:\DEV\MICROSOFT\IDE\Microsoft Visual Studio 12.0\VC\bin\link.exe /ERRORREPORT:PROMPT /OUT:"D:\DEV\C++\WORKSPACES\visual\AlgorithmPP\Debug\AlgorithmPP.exe" /INCREMENTAL /NOLOGO kernel32.lib user32.lib gdi32.lib winspool.lib comdlg32.lib advapi32.lib shell32.lib ole32.lib oleaut32.lib uuid.lib odbc32.lib odbccp32.lib /MANIFEST /MANIFESTUAC:"level='asInvoker' uiAccess='false'" /manifest:embed /DEBUG /PDB:"D:\DEV\C++\WORKSPACES\visual\AlgorithmPP\Debug\AlgorithmPP.pdb" /SUBSYSTEM:CONSOLE /TLBID:1 /DYNAMICBASE /NXCOMPAT /IMPLIB:"D:\DEV\C++\WORKSPACES\visual\AlgorithmPP\Debug\AlgorithmPP.lib" /MACHINE:X86 Debug\AlgorithmPP.obj
         Debug\BigInt.obj
         Debug\Matrix.obj
         Debug\Merge.obj
         Debug\stdafx.obj
         AlgorithmPP.vcxproj -> D:\DEV\C++\WORKSPACES\visual\AlgorithmPP\Debug\AlgorithmPP.exe
     1>Génération du projet "D:\DEV\C++\WORKSPACES\visual\AlgorithmPP\AlgorithmPP\AlgorithmPP.vcxproj" terminée (Build cible(s)).

La génération a réussi.

Temps écoulé 00:00:03.07
